# JRE version: Java(TM) SE Runtime Environment (8.0_65-b17) (build 1.8.0_65-b17)
# Java VM: Java HotSpot(TM) 64-Bit Server VM (25.65-b01 mixed mode bsd-amd64 compressed oops)
Heap:
 PSYoungGen      total 290304K, used 40087K [0x0000000795580000, 0x00000007ae380000, 0x00000007c0000000)
  eden space 276992K, 14% used [0x0000000795580000,0x0000000797ca5d10,0x00000007a6400000)
  from space 13312K, 0% used [0x00000007a6400000,0x00000007a6400000,0x00000007a7100000)
  to   space 13824K, 0% used [0x00000007ad600000,0x00000007ad600000,0x00000007ae380000)
 ParOldGen       total 77312K, used 18965K [0x0000000740000000, 0x0000000744b80000, 0x0000000795580000)
  object space 77312K, 24% used [0x0000000740000000,0x00000007412855d8,0x0000000744b80000)
 Metaspace       used 57989K, capacity 61028K, committed 61336K, reserved 1101824K
  class space    used 7746K, capacity 8252K, committed 8360K, reserved 1048576K
GC Heap History (10 events):
Event: 12.274 GC heap before
{Heap before GC invocations=12 (full 2):
 PSYoungGen      total 200704K, used 6238K [0x0000000795580000, 0x00000007a2300000, 0x00000007c0000000)
  eden space 193024K, 0% used [0x0000000795580000,0x0000000795580000,0x00000007a1200000)
  from space 7680K, 81% used [0x00000007a1b80000,0x00000007a21978a0,0x00000007a2300000)
  to   space 8704K, 0% used [0x00000007a1200000,0x00000007a1200000,0x00000007a1a80000)
 ParOldGen       total 40448K, used 8639K [0x0000000740000000, 0x0000000742780000, 0x0000000795580000)
  object space 40448K, 21% used [0x0000000740000000,0x000000074086ffd8,0x0000000742780000)
 Metaspace       used 33669K, capacity 35468K, committed 35496K, reserved 1081344K
  class space    used 4194K, capacity 4506K, committed 4520K, reserved 1048576K
Event: 12.433 GC heap after
Heap after GC invocations=12 (full 2):
 PSYoungGen      total 200704K, used 0K [0x0000000795580000, 0x00000007a2300000, 0x00000007c0000000)
  eden space 193024K, 0% used [0x0000000795580000,0x0000000795580000,0x00000007a1200000)
  from space 7680K, 0% used [0x00000007a1b80000,0x00000007a1b80000,0x00000007a2300000)
  to   space 8704K, 0% used [0x00000007a1200000,0x00000007a1200000,0x00000007a1a80000)
 ParOldGen       total 57856K, used 12401K [0x0000000740000000, 0x0000000743880000, 0x0000000795580000)
  object space 57856K, 21% used [0x0000000740000000,0x0000000740c1c730,0x0000000743880000)
 Metaspace       used 33669K, capacity 35468K, committed 35496K, reserved 1081344K
  class space    used 4194K, capacity 4506K, committed 4520K, reserved 1048576K
}
Event: 16.159 GC heap before
{Heap before GC invocations=13 (full 2):
 PSYoungGen      total 200704K, used 193024K [0x0000000795580000, 0x00000007a2300000, 0x00000007c0000000)
  eden space 193024K, 100% used [0x0000000795580000,0x00000007a1200000,0x00000007a1200000)
  from space 7680K, 0% used [0x00000007a1b80000,0x00000007a1b80000,0x00000007a2300000)
  to   space 8704K, 0% used [0x00000007a1200000,0x00000007a1200000,0x00000007a1a80000)
 ParOldGen       total 57856K, used 12401K [0x0000000740000000, 0x0000000743880000, 0x0000000795580000)
  object space 57856K, 21% used [0x0000000740000000,0x0000000740c1c730,0x0000000743880000)
 Metaspace       used 44558K, capacity 46888K, committed 47144K, reserved 1089536K
  class space    used 5760K, capacity 6170K, committed 6184K, reserved 1048576K
Event: 16.194 GC heap after
Heap after GC invocations=13 (full 2):
 PSYoungGen      total 201728K, used 8699K [0x0000000795580000, 0x00000007a7f00000, 0x00000007c0000000)
  eden space 193024K, 0% used [0x0000000795580000,0x0000000795580000,0x00000007a1200000)
  from space 8704K, 99% used [0x00000007a1200000,0x00000007a1a7efe8,0x00000007a1a80000)
  to   space 12288K, 0% used [0x00000007a7300000,0x00000007a7300000,0x00000007a7f00000)
 ParOldGen       total 57856K, used 18789K [0x0000000740000000, 0x0000000743880000, 0x0000000795580000)
  object space 57856K, 32% used [0x0000000740000000,0x00000007412594f8,0x0000000743880000)
 Metaspace       used 44558K, capacity 46888K, committed 47144K, reserved 1089536K
  class space    used 5760K, capacity 6170K, committed 6184K, reserved 1048576K
}
Event: 20.985 GC heap before
{Heap before GC invocations=14 (full 2):
 PSYoungGen      total 201728K, used 201723K [0x0000000795580000, 0x00000007a7f00000, 0x00000007c0000000)
  eden space 193024K, 100% used [0x0000000795580000,0x00000007a1200000,0x00000007a1200000)
  from space 8704K, 99% used [0x00000007a1200000,0x00000007a1a7efe8,0x00000007a1a80000)
  to   space 12288K, 0% used [0x00000007a7300000,0x00000007a7300000,0x00000007a7f00000)
 ParOldGen       total 57856K, used 18789K [0x0000000740000000, 0x0000000743880000, 0x0000000795580000)
  object space 57856K, 32% used [0x0000000740000000,0x00000007412594f8,0x0000000743880000)
 Metaspace       used 55075K, capacity 57646K, committed 57768K, reserved 1099776K
  class space    used 7331K, capacity 7765K, committed 7848K, reserved 1048576K
Event: 21.027 GC heap after
Heap after GC invocations=14 (full 2):
 PSYoungGen      total 285696K, used 11071K [0x0000000795580000, 0x00000007a7e00000, 0x00000007c0000000)
  eden space 274432K, 0% used [0x0000000795580000,0x0000000795580000,0x00000007a6180000)
  from space 11264K, 98% used [0x00000007a7300000,0x00000007a7dcfe18,0x00000007a7e00000)
  to   space 13312K, 0% used [0x00000007a6400000,0x00000007a6400000,0x00000007a7100000)
 ParOldGen       total 57856K, used 25605K [0x0000000740000000, 0x0000000743880000, 0x0000000795580000)
  object space 57856K, 44% used [0x0000000740000000,0x0000000741901518,0x0000000743880000)
 Metaspace       used 55075K, capacity 57646K, committed 57768K, reserved 1099776K
  class space    used 7331K, capacity 7765K, committed 7848K, reserved 1048576K
}
Event: 39.761 GC heap before
{Heap before GC invocations=15 (full 2):
 PSYoungGen      total 285696K, used 30264K [0x0000000795580000, 0x00000007a7e00000, 0x00000007c0000000)
  eden space 274432K, 6% used [0x0000000795580000,0x000000079683e348,0x00000007a6180000)
  from space 11264K, 98% used [0x00000007a7300000,0x00000007a7dcfe18,0x00000007a7e00000)
  to   space 13312K, 0% used [0x00000007a6400000,0x00000007a6400000,0x00000007a7100000)
 ParOldGen       total 57856K, used 25605K [0x0000000740000000, 0x0000000743880000, 0x0000000795580000)
  object space 57856K, 44% used [0x0000000740000000,0x0000000741901518,0x0000000743880000)
 Metaspace       used 56157K, capacity 59020K, committed 59160K, reserved 1099776K
  class space    used 7493K, capacity 7952K, committed 7976K, reserved 1048576K
Event: 39.784 GC heap after
Heap after GC invocations=15 (full 2):
 PSYoungGen      total 290304K, used 1150K [0x0000000795580000, 0x00000007ae380000, 0x00000007c0000000)
  eden space 276992K, 0% used [0x0000000795580000,0x0000000795580000,0x00000007a6400000)
  from space 13312K, 8% used [0x00000007a6400000,0x00000007a651f990,0x00000007a7100000)
  to   space 13824K, 0% used [0x00000007ad600000,0x00000007ad600000,0x00000007ae380000)
 ParOldGen       total 57856K, used 28204K [0x0000000740000000, 0x0000000743880000, 0x0000000795580000)
  object space 57856K, 48% used [0x0000000740000000,0x0000000741b8b2f0,0x0000000743880000)
 Metaspace       used 56157K, capacity 59020K, committed 59160K, reserved 1099776K
  class space    used 7493K, capacity 7952K, committed 7976K, reserved 1048576K
}
Event: 39.784 GC heap before
{Heap before GC invocations=16 (full 3):
 PSYoungGen      total 290304K, used 1150K [0x0000000795580000, 0x00000007ae380000, 0x00000007c0000000)
  eden space 276992K, 0% used [0x0000000795580000,0x0000000795580000,0x00000007a6400000)
  from space 13312K, 8% used [0x00000007a6400000,0x00000007a651f990,0x00000007a7100000)
  to   space 13824K, 0% used [0x00000007ad600000,0x00000007ad600000,0x00000007ae380000)
 ParOldGen       total 57856K, used 28204K [0x0000000740000000, 0x0000000743880000, 0x0000000795580000)
  object space 57856K, 48% used [0x0000000740000000,0x0000000741b8b2f0,0x0000000743880000)
 Metaspace       used 56157K, capacity 59020K, committed 59160K, reserved 1099776K
  class space    used 7493K, capacity 7952K, committed 7976K, reserved 1048576K
Event: 40.078 GC heap after
Heap after GC invocations=16 (full 3):
 PSYoungGen      total 290304K, used 0K [0x0000000795580000, 0x00000007ae380000, 0x00000007c0000000)
  eden space 276992K, 0% used [0x0000000795580000,0x0000000795580000,0x00000007a6400000)
  from space 13312K, 0% used [0x00000007a6400000,0x00000007a6400000,0x00000007a7100000)
  to   space 13824K, 0% used [0x00000007ad600000,0x00000007ad600000,0x00000007ae380000)
 ParOldGen       total 77312K, used 18965K [0x0000000740000000, 0x0000000744b80000, 0x0000000795580000)
  object space 77312K, 24% used [0x0000000740000000,0x00000007412855d8,0x0000000744b80000)
 Metaspace       used 56157K, capacity 59020K, committed 59160K, reserved 1099776K
  class space    used 7493K, capacity 7952K, committed 7976K, reserved 1048576K
}

